<?xml version="1.0" encoding="UTF-8"?>
<testsuite xmlns:xsi="http://www.w3.org/2001/XMLSchema-instance" xsi:noNamespaceSchemaLocation="https://maven.apache.org/surefire/maven-surefire-plugin/xsd/surefire-test-report.xsd" version="3.0.2" name="com.example.exampleProjectJavaSpringboot.ExampleProjectJavaSpringbootApplicationTests" time="4.086" tests="1" errors="0" skipped="0" failures="0">
  <properties>
    <property name="java.specification.version" value="21"/>
    <property name="sun.cpu.isalist" value="amd64"/>
    <property name="sun.jnu.encoding" value="Cp1252"/>
    <property name="java.class.path" value="C:\Users\Nutzer\Documents\GitHub\JavaSpringbootApplication\target\test-classes;C:\Users\Nutzer\Documents\GitHub\JavaSpringbootApplication\target\classes;C:\Users\Nutzer\.m2\repository\org\springframework\boot\spring-boot-starter-data-jpa\3.4.0\spring-boot-starter-data-jpa-3.4.0.jar;C:\Users\Nutzer\.m2\repository\org\springframework\boot\spring-boot-starter\3.4.0\spring-boot-starter-3.4.0.jar;C:\Users\Nutzer\.m2\repository\org\springframework\boot\spring-boot\3.4.0\spring-boot-3.4.0.jar;C:\Users\Nutzer\.m2\repository\org\springframework\boot\spring-boot-autoconfigure\3.4.0\spring-boot-autoconfigure-3.4.0.jar;C:\Users\Nutzer\.m2\repository\org\springframework\boot\spring-boot-starter-logging\3.4.0\spring-boot-starter-logging-3.4.0.jar;C:\Users\Nutzer\.m2\repository\ch\qos\logback\logback-classic\1.5.12\logback-classic-1.5.12.jar;C:\Users\Nutzer\.m2\repository\ch\qos\logback\logback-core\1.5.12\logback-core-1.5.12.jar;C:\Users\Nutzer\.m2\repository\org\apache\logging\log4j\log4j-to-slf4j\2.24.1\log4j-to-slf4j-2.24.1.jar;C:\Users\Nutzer\.m2\repository\org\apache\logging\log4j\log4j-api\2.24.1\log4j-api-2.24.1.jar;C:\Users\Nutzer\.m2\repository\org\slf4j\jul-to-slf4j\2.0.16\jul-to-slf4j-2.0.16.jar;C:\Users\Nutzer\.m2\repository\jakarta\annotation\jakarta.annotation-api\2.1.1\jakarta.annotation-api-2.1.1.jar;C:\Users\Nutzer\.m2\repository\org\yaml\snakeyaml\2.3\snakeyaml-2.3.jar;C:\Users\Nutzer\.m2\repository\org\springframework\boot\spring-boot-starter-jdbc\3.4.0\spring-boot-starter-jdbc-3.4.0.jar;C:\Users\Nutzer\.m2\repository\com\zaxxer\HikariCP\5.1.0\HikariCP-5.1.0.jar;C:\Users\Nutzer\.m2\repository\org\springframework\spring-jdbc\6.2.0\spring-jdbc-6.2.0.jar;C:\Users\Nutzer\.m2\repository\org\hibernate\orm\hibernate-core\6.6.2.Final\hibernate-core-6.6.2.Final.jar;C:\Users\Nutzer\.m2\repository\jakarta\persistence\jakarta.persistence-api\3.1.0\jakarta.persistence-api-3.1.0.jar;C:\Users\Nutzer\.m2\repository\jakarta\transaction\jakarta.transaction-api\2.0.1\jakarta.transaction-api-2.0.1.jar;C:\Users\Nutzer\.m2\repository\org\jboss\logging\jboss-logging\3.6.1.Final\jboss-logging-3.6.1.Final.jar;C:\Users\Nutzer\.m2\repository\org\hibernate\common\hibernate-commons-annotations\7.0.3.Final\hibernate-commons-annotations-7.0.3.Final.jar;C:\Users\Nutzer\.m2\repository\io\smallrye\jandex\3.2.0\jandex-3.2.0.jar;C:\Users\Nutzer\.m2\repository\com\fasterxml\classmate\1.7.0\classmate-1.7.0.jar;C:\Users\Nutzer\.m2\repository\net\bytebuddy\byte-buddy\1.15.10\byte-buddy-1.15.10.jar;C:\Users\Nutzer\.m2\repository\org\glassfish\jaxb\jaxb-runtime\4.0.5\jaxb-runtime-4.0.5.jar;C:\Users\Nutzer\.m2\repository\org\glassfish\jaxb\jaxb-core\4.0.5\jaxb-core-4.0.5.jar;C:\Users\Nutzer\.m2\repository\org\eclipse\angus\angus-activation\2.0.2\angus-activation-2.0.2.jar;C:\Users\Nutzer\.m2\repository\org\glassfish\jaxb\txw2\4.0.5\txw2-4.0.5.jar;C:\Users\Nutzer\.m2\repository\com\sun\istack\istack-commons-runtime\4.1.2\istack-commons-runtime-4.1.2.jar;C:\Users\Nutzer\.m2\repository\jakarta\inject\jakarta.inject-api\2.0.1\jakarta.inject-api-2.0.1.jar;C:\Users\Nutzer\.m2\repository\org\antlr\antlr4-runtime\4.13.0\antlr4-runtime-4.13.0.jar;C:\Users\Nutzer\.m2\repository\org\springframework\data\spring-data-jpa\3.4.0\spring-data-jpa-3.4.0.jar;C:\Users\Nutzer\.m2\repository\org\springframework\data\spring-data-commons\3.4.0\spring-data-commons-3.4.0.jar;C:\Users\Nutzer\.m2\repository\org\springframework\spring-orm\6.2.0\spring-orm-6.2.0.jar;C:\Users\Nutzer\.m2\repository\org\springframework\spring-context\6.2.0\spring-context-6.2.0.jar;C:\Users\Nutzer\.m2\repository\org\springframework\spring-aop\6.2.0\spring-aop-6.2.0.jar;C:\Users\Nutzer\.m2\repository\org\springframework\spring-tx\6.2.0\spring-tx-6.2.0.jar;C:\Users\Nutzer\.m2\repository\org\springframework\spring-beans\6.2.0\spring-beans-6.2.0.jar;C:\Users\Nutzer\.m2\repository\org\springframework\spring-aspects\6.2.0\spring-aspects-6.2.0.jar;C:\Users\Nutzer\.m2\repository\org\aspectj\aspectjweaver\1.9.22.1\aspectjweaver-1.9.22.1.jar;C:\Users\Nutzer\.m2\repository\com\mysql\mysql-connector-j\9.1.0\mysql-connector-j-9.1.0.jar;C:\Users\Nutzer\.m2\repository\org\springframework\boot\spring-boot-starter-web\3.4.0\spring-boot-starter-web-3.4.0.jar;C:\Users\Nutzer\.m2\repository\org\springframework\boot\spring-boot-starter-json\3.4.0\spring-boot-starter-json-3.4.0.jar;C:\Users\Nutzer\.m2\repository\com\fasterxml\jackson\core\jackson-databind\2.18.1\jackson-databind-2.18.1.jar;C:\Users\Nutzer\.m2\repository\com\fasterxml\jackson\core\jackson-annotations\2.18.1\jackson-annotations-2.18.1.jar;C:\Users\Nutzer\.m2\repository\com\fasterxml\jackson\datatype\jackson-datatype-jdk8\2.18.1\jackson-datatype-jdk8-2.18.1.jar;C:\Users\Nutzer\.m2\repository\com\fasterxml\jackson\datatype\jackson-datatype-jsr310\2.18.1\jackson-datatype-jsr310-2.18.1.jar;C:\Users\Nutzer\.m2\repository\com\fasterxml\jackson\module\jackson-module-parameter-names\2.18.1\jackson-module-parameter-names-2.18.1.jar;C:\Users\Nutzer\.m2\repository\org\springframework\boot\spring-boot-starter-tomcat\3.4.0\spring-boot-starter-tomcat-3.4.0.jar;C:\Users\Nutzer\.m2\repository\org\apache\tomcat\embed\tomcat-embed-core\10.1.33\tomcat-embed-core-10.1.33.jar;C:\Users\Nutzer\.m2\repository\org\apache\tomcat\embed\tomcat-embed-el\10.1.33\tomcat-embed-el-10.1.33.jar;C:\Users\Nutzer\.m2\repository\org\apache\tomcat\embed\tomcat-embed-websocket\10.1.33\tomcat-embed-websocket-10.1.33.jar;C:\Users\Nutzer\.m2\repository\org\springframework\spring-web\6.2.0\spring-web-6.2.0.jar;C:\Users\Nutzer\.m2\repository\io\micrometer\micrometer-observation\1.14.1\micrometer-observation-1.14.1.jar;C:\Users\Nutzer\.m2\repository\io\micrometer\micrometer-commons\1.14.1\micrometer-commons-1.14.1.jar;C:\Users\Nutzer\.m2\repository\org\springframework\spring-webmvc\6.2.0\spring-webmvc-6.2.0.jar;C:\Users\Nutzer\.m2\repository\org\springframework\spring-expression\6.2.0\spring-expression-6.2.0.jar;C:\Users\Nutzer\.m2\repository\com\google\firebase\firebase-admin\9.4.1\firebase-admin-9.4.1.jar;C:\Users\Nutzer\.m2\repository\com\google\api-client\google-api-client\2.7.0\google-api-client-2.7.0.jar;C:\Users\Nutzer\.m2\repository\commons-codec\commons-codec\1.17.1\commons-codec-1.17.1.jar;C:\Users\Nutzer\.m2\repository\com\google\oauth-client\google-oauth-client\1.36.0\google-oauth-client-1.36.0.jar;C:\Users\Nutzer\.m2\repository\com\google\auth\google-auth-library-credentials\1.23.0\google-auth-library-credentials-1.23.0.jar;C:\Users\Nutzer\.m2\repository\com\google\http-client\google-http-client-gson\1.45.0\google-http-client-gson-1.45.0.jar;C:\Users\Nutzer\.m2\repository\com\google\http-client\google-http-client-apache-v2\1.45.0\google-http-client-apache-v2-1.45.0.jar;C:\Users\Nutzer\.m2\repository\org\apache\httpcomponents\httpcore\4.4.16\httpcore-4.4.16.jar;C:\Users\Nutzer\.m2\repository\org\apache\httpcomponents\httpclient\4.5.14\httpclient-4.5.14.jar;C:\Users\Nutzer\.m2\repository\com\google\api-client\google-api-client-gson\2.7.0\google-api-client-gson-2.7.0.jar;C:\Users\Nutzer\.m2\repository\com\google\http-client\google-http-client\1.45.0\google-http-client-1.45.0.jar;C:\Users\Nutzer\.m2\repository\com\google\code\findbugs\jsr305\3.0.2\jsr305-3.0.2.jar;C:\Users\Nutzer\.m2\repository\com\google\errorprone\error_prone_annotations\2.30.0\error_prone_annotations-2.30.0.jar;C:\Users\Nutzer\.m2\repository\com\google\j2objc\j2objc-annotations\3.0.0\j2objc-annotations-3.0.0.jar;C:\Users\Nutzer\.m2\repository\io\grpc\grpc-context\1.66.0\grpc-context-1.66.0.jar;C:\Users\Nutzer\.m2\repository\io\opencensus\opencensus-api\0.31.1\opencensus-api-0.31.1.jar;C:\Users\Nutzer\.m2\repository\io\opencensus\opencensus-contrib-http-util\0.31.1\opencensus-contrib-http-util-0.31.1.jar;C:\Users\Nutzer\.m2\repository\com\google\api\api-common\2.37.1\api-common-2.37.1.jar;C:\Users\Nutzer\.m2\repository\com\google\auto\value\auto-value-annotations\1.11.0\auto-value-annotations-1.11.0.jar;C:\Users\Nutzer\.m2\repository\javax\annotation\javax.annotation-api\1.3.2\javax.annotation-api-1.3.2.jar;C:\Users\Nutzer\.m2\repository\com\google\auth\google-auth-library-oauth2-http\1.27.0\google-auth-library-oauth2-http-1.27.0.jar;C:\Users\Nutzer\.m2\repository\com\google\cloud\google-cloud-storage\2.43.1\google-cloud-storage-2.43.1.jar;C:\Users\Nutzer\.m2\repository\com\google\guava\failureaccess\1.0.2\failureaccess-1.0.2.jar;C:\Users\Nutzer\.m2\repository\com\google\guava\listenablefuture\9999.0-empty-to-avoid-conflict-with-guava\listenablefuture-9999.0-empty-to-avoid-conflict-with-guava.jar;C:\Users\Nutzer\.m2\repository\com\google\http-client\google-http-client-jackson2\1.45.0\google-http-client-jackson2-1.45.0.jar;C:\Users\Nutzer\.m2\repository\com\google\apis\google-api-services-storage\v1-rev20240819-2.0.0\google-api-services-storage-v1-rev20240819-2.0.0.jar;C:\Users\Nutzer\.m2\repository\com\google\code\gson\gson\2.11.0\gson-2.11.0.jar;C:\Users\Nutzer\.m2\repository\com\google\cloud\google-cloud-core\2.44.1\google-cloud-core-2.44.1.jar;C:\Users\Nutzer\.m2\repository\com\google\cloud\google-cloud-core-http\2.44.1\google-cloud-core-http-2.44.1.jar;C:\Users\Nutzer\.m2\repository\com\google\http-client\google-http-client-appengine\1.45.0\google-http-client-appengine-1.45.0.jar;C:\Users\Nutzer\.m2\repository\com\google\api\gax-httpjson\2.54.1\gax-httpjson-2.54.1.jar;C:\Users\Nutzer\.m2\repository\com\google\cloud\google-cloud-core-grpc\2.44.1\google-cloud-core-grpc-2.44.1.jar;C:\Users\Nutzer\.m2\repository\com\google\api\gax\2.54.1\gax-2.54.1.jar;C:\Users\Nutzer\.m2\repository\com\google\api\gax-grpc\2.54.1\gax-grpc-2.54.1.jar;C:\Users\Nutzer\.m2\repository\io\grpc\grpc-inprocess\1.68.0\grpc-inprocess-1.68.0.jar;C:\Users\Nutzer\.m2\repository\io\grpc\grpc-alts\1.68.0\grpc-alts-1.68.0.jar;C:\Users\Nutzer\.m2\repository\io\grpc\grpc-grpclb\1.68.0\grpc-grpclb-1.68.0.jar;C:\Users\Nutzer\.m2\repository\org\conscrypt\conscrypt-openjdk-uber\2.5.2\conscrypt-openjdk-uber-2.5.2.jar;C:\Users\Nutzer\.m2\repository\io\grpc\grpc-auth\1.68.0\grpc-auth-1.68.0.jar;C:\Users\Nutzer\.m2\repository\com\google\api\grpc\proto-google-iam-v1\1.40.1\proto-google-iam-v1-1.40.1.jar;C:\Users\Nutzer\.m2\repository\com\google\protobuf\protobuf-java\3.25.5\protobuf-java-3.25.5.jar;C:\Users\Nutzer\.m2\repository\com\google\protobuf\protobuf-java-util\3.25.5\protobuf-java-util-3.25.5.jar;C:\Users\Nutzer\.m2\repository\io\grpc\grpc-core\1.68.0\grpc-core-1.68.0.jar;C:\Users\Nutzer\.m2\repository\com\google\android\annotations\4.1.1.4\annotations-4.1.1.4.jar;C:\Users\Nutzer\.m2\repository\org\codehaus\mojo\animal-sniffer-annotations\1.24\animal-sniffer-annotations-1.24.jar;C:\Users\Nutzer\.m2\repository\io\perfmark\perfmark-api\0.27.0\perfmark-api-0.27.0.jar;C:\Users\Nutzer\.m2\repository\io\grpc\grpc-protobuf\1.68.0\grpc-protobuf-1.68.0.jar;C:\Users\Nutzer\.m2\repository\io\grpc\grpc-protobuf-lite\1.68.0\grpc-protobuf-lite-1.68.0.jar;C:\Users\Nutzer\.m2\repository\com\google\api\grpc\proto-google-common-protos\2.45.1\proto-google-common-protos-2.45.1.jar;C:\Users\Nutzer\.m2\repository\org\threeten\threetenbp\1.7.0\threetenbp-1.7.0.jar;C:\Users\Nutzer\.m2\repository\com\google\api\grpc\proto-google-cloud-storage-v2\2.43.1-beta\proto-google-cloud-storage-v2-2.43.1-beta.jar;C:\Users\Nutzer\.m2\repository\com\google\api\grpc\grpc-google-cloud-storage-v2\2.43.1-beta\grpc-google-cloud-storage-v2-2.43.1-beta.jar;C:\Users\Nutzer\.m2\repository\com\google\api\grpc\gapic-google-cloud-storage-v2\2.43.1-beta\gapic-google-cloud-storage-v2-2.43.1-beta.jar;C:\Users\Nutzer\.m2\repository\io\opentelemetry\opentelemetry-sdk\1.43.0\opentelemetry-sdk-1.43.0.jar;C:\Users\Nutzer\.m2\repository\io\opentelemetry\opentelemetry-sdk-trace\1.43.0\opentelemetry-sdk-trace-1.43.0.jar;C:\Users\Nutzer\.m2\repository\io\opentelemetry\opentelemetry-sdk-logs\1.43.0\opentelemetry-sdk-logs-1.43.0.jar;C:\Users\Nutzer\.m2\repository\io\grpc\grpc-opentelemetry\1.68.0\grpc-opentelemetry-1.68.0.jar;C:\Users\Nutzer\.m2\repository\io\opentelemetry\opentelemetry-api\1.43.0\opentelemetry-api-1.43.0.jar;C:\Users\Nutzer\.m2\repository\io\opentelemetry\opentelemetry-context\1.43.0\opentelemetry-context-1.43.0.jar;C:\Users\Nutzer\.m2\repository\io\opentelemetry\opentelemetry-sdk-metrics\1.43.0\opentelemetry-sdk-metrics-1.43.0.jar;C:\Users\Nutzer\.m2\repository\io\opentelemetry\opentelemetry-api-incubator\1.42.1-alpha\opentelemetry-api-incubator-1.42.1-alpha.jar;C:\Users\Nutzer\.m2\repository\io\opentelemetry\opentelemetry-sdk-common\1.43.0\opentelemetry-sdk-common-1.43.0.jar;C:\Users\Nutzer\.m2\repository\io\opentelemetry\opentelemetry-sdk-extension-autoconfigure-spi\1.43.0\opentelemetry-sdk-extension-autoconfigure-spi-1.43.0.jar;C:\Users\Nutzer\.m2\repository\io\opentelemetry\semconv\opentelemetry-semconv\1.25.0-alpha\opentelemetry-semconv-1.25.0-alpha.jar;C:\Users\Nutzer\.m2\repository\com\google\cloud\opentelemetry\exporter-metrics\0.31.0\exporter-metrics-0.31.0.jar;C:\Users\Nutzer\.m2\repository\com\google\cloud\google-cloud-monitoring\3.31.0\google-cloud-monitoring-3.31.0.jar;C:\Users\Nutzer\.m2\repository\com\google\api\grpc\proto-google-cloud-monitoring-v3\3.31.0\proto-google-cloud-monitoring-v3-3.31.0.jar;C:\Users\Nutzer\.m2\repository\io\opencensus\opencensus-proto\0.2.0\opencensus-proto-0.2.0.jar;C:\Users\Nutzer\.m2\repository\commons-logging\commons-logging\1.2\commons-logging-1.2.jar;C:\Users\Nutzer\.m2\repository\com\google\cloud\opentelemetry\shared-resourcemapping\0.32.0\shared-resourcemapping-0.32.0.jar;C:\Users\Nutzer\.m2\repository\io\opentelemetry\contrib\opentelemetry-gcp-resources\1.37.0-alpha\opentelemetry-gcp-resources-1.37.0-alpha.jar;C:\Users\Nutzer\.m2\repository\com\google\cloud\opentelemetry\detector-resources-support\0.32.0\detector-resources-support-0.32.0.jar;C:\Users\Nutzer\.m2\repository\org\checkerframework\checker-qual\3.47.0\checker-qual-3.47.0.jar;C:\Users\Nutzer\.m2\repository\com\fasterxml\jackson\core\jackson-core\2.18.1\jackson-core-2.18.1.jar;C:\Users\Nutzer\.m2\repository\io\grpc\grpc-api\1.68.0\grpc-api-1.68.0.jar;C:\Users\Nutzer\.m2\repository\io\grpc\grpc-netty-shaded\1.68.0\grpc-netty-shaded-1.68.0.jar;C:\Users\Nutzer\.m2\repository\io\grpc\grpc-util\1.68.0\grpc-util-1.68.0.jar;C:\Users\Nutzer\.m2\repository\io\grpc\grpc-stub\1.68.0\grpc-stub-1.68.0.jar;C:\Users\Nutzer\.m2\repository\io\grpc\grpc-googleapis\1.68.0\grpc-googleapis-1.68.0.jar;C:\Users\Nutzer\.m2\repository\io\grpc\grpc-xds\1.68.0\grpc-xds-1.68.0.jar;C:\Users\Nutzer\.m2\repository\io\grpc\grpc-services\1.68.0\grpc-services-1.68.0.jar;C:\Users\Nutzer\.m2\repository\com\google\re2j\re2j\1.7\re2j-1.7.jar;C:\Users\Nutzer\.m2\repository\io\grpc\grpc-rls\1.68.0\grpc-rls-1.68.0.jar;C:\Users\Nutzer\.m2\repository\com\google\cloud\google-cloud-firestore\3.26.5\google-cloud-firestore-3.26.5.jar;C:\Users\Nutzer\.m2\repository\com\google\api\grpc\proto-google-cloud-firestore-v1\3.26.5\proto-google-cloud-firestore-v1-3.26.5.jar;C:\Users\Nutzer\.m2\repository\com\google\cloud\proto-google-cloud-firestore-bundle-v1\3.26.5\proto-google-cloud-firestore-bundle-v1-3.26.5.jar;C:\Users\Nutzer\.m2\repository\io\opentelemetry\instrumentation\opentelemetry-grpc-1.6\2.1.0-alpha\opentelemetry-grpc-1.6-2.1.0-alpha.jar;C:\Users\Nutzer\.m2\repository\io\opentelemetry\instrumentation\opentelemetry-instrumentation-api\2.1.0\opentelemetry-instrumentation-api-2.1.0.jar;C:\Users\Nutzer\.m2\repository\io\opentelemetry\opentelemetry-extension-incubator\1.35.0-alpha\opentelemetry-extension-incubator-1.35.0-alpha.jar;C:\Users\Nutzer\.m2\repository\io\opentelemetry\instrumentation\opentelemetry-instrumentation-api-incubator\2.1.0-alpha\opentelemetry-instrumentation-api-incubator-2.1.0-alpha.jar;C:\Users\Nutzer\.m2\repository\com\google\guava\guava\33.3.1-jre\guava-33.3.1-jre.jar;C:\Users\Nutzer\.m2\repository\org\slf4j\slf4j-api\2.0.16\slf4j-api-2.0.16.jar;C:\Users\Nutzer\.m2\repository\io\netty\netty-codec-http\4.1.115.Final\netty-codec-http-4.1.115.Final.jar;C:\Users\Nutzer\.m2\repository\io\netty\netty-common\4.1.115.Final\netty-common-4.1.115.Final.jar;C:\Users\Nutzer\.m2\repository\io\netty\netty-buffer\4.1.115.Final\netty-buffer-4.1.115.Final.jar;C:\Users\Nutzer\.m2\repository\io\netty\netty-codec\4.1.115.Final\netty-codec-4.1.115.Final.jar;C:\Users\Nutzer\.m2\repository\io\netty\netty-handler\4.1.115.Final\netty-handler-4.1.115.Final.jar;C:\Users\Nutzer\.m2\repository\io\netty\netty-resolver\4.1.115.Final\netty-resolver-4.1.115.Final.jar;C:\Users\Nutzer\.m2\repository\io\netty\netty-transport-native-unix-common\4.1.115.Final\netty-transport-native-unix-common-4.1.115.Final.jar;C:\Users\Nutzer\.m2\repository\io\netty\netty-transport\4.1.115.Final\netty-transport-4.1.115.Final.jar;C:\Users\Nutzer\.m2\repository\org\apache\httpcomponents\client5\httpclient5\5.4.1\httpclient5-5.4.1.jar;C:\Users\Nutzer\.m2\repository\org\apache\httpcomponents\core5\httpcore5\5.3.1\httpcore5-5.3.1.jar;C:\Users\Nutzer\.m2\repository\org\apache\httpcomponents\core5\httpcore5-h2\5.3.1\httpcore5-h2-5.3.1.jar;C:\Users\Nutzer\.m2\repository\org\springframework\boot\spring-boot-starter-test\3.4.0\spring-boot-starter-test-3.4.0.jar;C:\Users\Nutzer\.m2\repository\org\springframework\boot\spring-boot-test\3.4.0\spring-boot-test-3.4.0.jar;C:\Users\Nutzer\.m2\repository\org\springframework\boot\spring-boot-test-autoconfigure\3.4.0\spring-boot-test-autoconfigure-3.4.0.jar;C:\Users\Nutzer\.m2\repository\com\jayway\jsonpath\json-path\2.9.0\json-path-2.9.0.jar;C:\Users\Nutzer\.m2\repository\jakarta\xml\bind\jakarta.xml.bind-api\4.0.2\jakarta.xml.bind-api-4.0.2.jar;C:\Users\Nutzer\.m2\repository\jakarta\activation\jakarta.activation-api\2.1.3\jakarta.activation-api-2.1.3.jar;C:\Users\Nutzer\.m2\repository\net\minidev\json-smart\2.5.1\json-smart-2.5.1.jar;C:\Users\Nutzer\.m2\repository\net\minidev\accessors-smart\2.5.1\accessors-smart-2.5.1.jar;C:\Users\Nutzer\.m2\repository\org\ow2\asm\asm\9.6\asm-9.6.jar;C:\Users\Nutzer\.m2\repository\org\assertj\assertj-core\3.26.3\assertj-core-3.26.3.jar;C:\Users\Nutzer\.m2\repository\org\awaitility\awaitility\4.2.2\awaitility-4.2.2.jar;C:\Users\Nutzer\.m2\repository\org\hamcrest\hamcrest\2.2\hamcrest-2.2.jar;C:\Users\Nutzer\.m2\repository\org\junit\jupiter\junit-jupiter\5.11.3\junit-jupiter-5.11.3.jar;C:\Users\Nutzer\.m2\repository\org\junit\jupiter\junit-jupiter-api\5.11.3\junit-jupiter-api-5.11.3.jar;C:\Users\Nutzer\.m2\repository\org\opentest4j\opentest4j\1.3.0\opentest4j-1.3.0.jar;C:\Users\Nutzer\.m2\repository\org\junit\platform\junit-platform-commons\1.11.3\junit-platform-commons-1.11.3.jar;C:\Users\Nutzer\.m2\repository\org\apiguardian\apiguardian-api\1.1.2\apiguardian-api-1.1.2.jar;C:\Users\Nutzer\.m2\repository\org\junit\jupiter\junit-jupiter-params\5.11.3\junit-jupiter-params-5.11.3.jar;C:\Users\Nutzer\.m2\repository\org\junit\jupiter\junit-jupiter-engine\5.11.3\junit-jupiter-engine-5.11.3.jar;C:\Users\Nutzer\.m2\repository\org\junit\platform\junit-platform-engine\1.11.3\junit-platform-engine-1.11.3.jar;C:\Users\Nutzer\.m2\repository\org\mockito\mockito-core\5.14.2\mockito-core-5.14.2.jar;C:\Users\Nutzer\.m2\repository\net\bytebuddy\byte-buddy-agent\1.15.10\byte-buddy-agent-1.15.10.jar;C:\Users\Nutzer\.m2\repository\org\objenesis\objenesis\3.3\objenesis-3.3.jar;C:\Users\Nutzer\.m2\repository\org\mockito\mockito-junit-jupiter\5.14.2\mockito-junit-jupiter-5.14.2.jar;C:\Users\Nutzer\.m2\repository\org\skyscreamer\jsonassert\1.5.3\jsonassert-1.5.3.jar;C:\Users\Nutzer\.m2\repository\com\vaadin\external\google\android-json\0.0.20131108.vaadin1\android-json-0.0.20131108.vaadin1.jar;C:\Users\Nutzer\.m2\repository\org\springframework\spring-core\6.2.0\spring-core-6.2.0.jar;C:\Users\Nutzer\.m2\repository\org\springframework\spring-jcl\6.2.0\spring-jcl-6.2.0.jar;C:\Users\Nutzer\.m2\repository\org\springframework\spring-test\6.2.0\spring-test-6.2.0.jar;C:\Users\Nutzer\.m2\repository\org\xmlunit\xmlunit-core\2.10.0\xmlunit-core-2.10.0.jar;"/>
    <property name="java.vm.vendor" value="Oracle Corporation"/>
    <property name="sun.arch.data.model" value="64"/>
    <property name="user.variant" value=""/>
    <property name="java.vendor.url" value="https://java.oracle.com/"/>
    <property name="user.timezone" value="Europe/Berlin"/>
    <property name="org.jboss.logging.provider" value="slf4j"/>
    <property name="os.name" value="Windows 10"/>
    <property name="java.vm.specification.version" value="21"/>
    <property name="APPLICATION_NAME" value="exampleProjectJavaSpringboot"/>
    <property name="sun.java.launcher" value="SUN_STANDARD"/>
    <property name="user.country" value="DE"/>
    <property name="sun.boot.library.path" value="C:\Program Files\Java\jdk-21\bin"/>
    <property name="sun.java.command" value="C:\Users\Nutzer\AppData\Local\Temp\surefire11364765365121714766\surefirebooter-20241201172528390_3.jar C:\Users\Nutzer\AppData\Local\Temp\surefire11364765365121714766 2024-12-01T17-25-28_305-jvmRun1 surefire-20241201172528390_1tmp surefire_0-20241201172528390_2tmp"/>
    <property name="jdk.debug" value="release"/>
    <property name="surefire.test.class.path" value="C:\Users\Nutzer\Documents\GitHub\JavaSpringbootApplication\target\test-classes;C:\Users\Nutzer\Documents\GitHub\JavaSpringbootApplication\target\classes;C:\Users\Nutzer\.m2\repository\org\springframework\boot\spring-boot-starter-data-jpa\3.4.0\spring-boot-starter-data-jpa-3.4.0.jar;C:\Users\Nutzer\.m2\repository\org\springframework\boot\spring-boot-starter\3.4.0\spring-boot-starter-3.4.0.jar;C:\Users\Nutzer\.m2\repository\org\springframework\boot\spring-boot\3.4.0\spring-boot-3.4.0.jar;C:\Users\Nutzer\.m2\repository\org\springframework\boot\spring-boot-autoconfigure\3.4.0\spring-boot-autoconfigure-3.4.0.jar;C:\Users\Nutzer\.m2\repository\org\springframework\boot\spring-boot-starter-logging\3.4.0\spring-boot-starter-logging-3.4.0.jar;C:\Users\Nutzer\.m2\repository\ch\qos\logback\logback-classic\1.5.12\logback-classic-1.5.12.jar;C:\Users\Nutzer\.m2\repository\ch\qos\logback\logback-core\1.5.12\logback-core-1.5.12.jar;C:\Users\Nutzer\.m2\repository\org\apache\logging\log4j\log4j-to-slf4j\2.24.1\log4j-to-slf4j-2.24.1.jar;C:\Users\Nutzer\.m2\repository\org\apache\logging\log4j\log4j-api\2.24.1\log4j-api-2.24.1.jar;C:\Users\Nutzer\.m2\repository\org\slf4j\jul-to-slf4j\2.0.16\jul-to-slf4j-2.0.16.jar;C:\Users\Nutzer\.m2\repository\jakarta\annotation\jakarta.annotation-api\2.1.1\jakarta.annotation-api-2.1.1.jar;C:\Users\Nutzer\.m2\repository\org\yaml\snakeyaml\2.3\snakeyaml-2.3.jar;C:\Users\Nutzer\.m2\repository\org\springframework\boot\spring-boot-starter-jdbc\3.4.0\spring-boot-starter-jdbc-3.4.0.jar;C:\Users\Nutzer\.m2\repository\com\zaxxer\HikariCP\5.1.0\HikariCP-5.1.0.jar;C:\Users\Nutzer\.m2\repository\org\springframework\spring-jdbc\6.2.0\spring-jdbc-6.2.0.jar;C:\Users\Nutzer\.m2\repository\org\hibernate\orm\hibernate-core\6.6.2.Final\hibernate-core-6.6.2.Final.jar;C:\Users\Nutzer\.m2\repository\jakarta\persistence\jakarta.persistence-api\3.1.0\jakarta.persistence-api-3.1.0.jar;C:\Users\Nutzer\.m2\repository\jakarta\transaction\jakarta.transaction-api\2.0.1\jakarta.transaction-api-2.0.1.jar;C:\Users\Nutzer\.m2\repository\org\jboss\logging\jboss-logging\3.6.1.Final\jboss-logging-3.6.1.Final.jar;C:\Users\Nutzer\.m2\repository\org\hibernate\common\hibernate-commons-annotations\7.0.3.Final\hibernate-commons-annotations-7.0.3.Final.jar;C:\Users\Nutzer\.m2\repository\io\smallrye\jandex\3.2.0\jandex-3.2.0.jar;C:\Users\Nutzer\.m2\repository\com\fasterxml\classmate\1.7.0\classmate-1.7.0.jar;C:\Users\Nutzer\.m2\repository\net\bytebuddy\byte-buddy\1.15.10\byte-buddy-1.15.10.jar;C:\Users\Nutzer\.m2\repository\org\glassfish\jaxb\jaxb-runtime\4.0.5\jaxb-runtime-4.0.5.jar;C:\Users\Nutzer\.m2\repository\org\glassfish\jaxb\jaxb-core\4.0.5\jaxb-core-4.0.5.jar;C:\Users\Nutzer\.m2\repository\org\eclipse\angus\angus-activation\2.0.2\angus-activation-2.0.2.jar;C:\Users\Nutzer\.m2\repository\org\glassfish\jaxb\txw2\4.0.5\txw2-4.0.5.jar;C:\Users\Nutzer\.m2\repository\com\sun\istack\istack-commons-runtime\4.1.2\istack-commons-runtime-4.1.2.jar;C:\Users\Nutzer\.m2\repository\jakarta\inject\jakarta.inject-api\2.0.1\jakarta.inject-api-2.0.1.jar;C:\Users\Nutzer\.m2\repository\org\antlr\antlr4-runtime\4.13.0\antlr4-runtime-4.13.0.jar;C:\Users\Nutzer\.m2\repository\org\springframework\data\spring-data-jpa\3.4.0\spring-data-jpa-3.4.0.jar;C:\Users\Nutzer\.m2\repository\org\springframework\data\spring-data-commons\3.4.0\spring-data-commons-3.4.0.jar;C:\Users\Nutzer\.m2\repository\org\springframework\spring-orm\6.2.0\spring-orm-6.2.0.jar;C:\Users\Nutzer\.m2\repository\org\springframework\spring-context\6.2.0\spring-context-6.2.0.jar;C:\Users\Nutzer\.m2\repository\org\springframework\spring-aop\6.2.0\spring-aop-6.2.0.jar;C:\Users\Nutzer\.m2\repository\org\springframework\spring-tx\6.2.0\spring-tx-6.2.0.jar;C:\Users\Nutzer\.m2\repository\org\springframework\spring-beans\6.2.0\spring-beans-6.2.0.jar;C:\Users\Nutzer\.m2\repository\org\springframework\spring-aspects\6.2.0\spring-aspects-6.2.0.jar;C:\Users\Nutzer\.m2\repository\org\aspectj\aspectjweaver\1.9.22.1\aspectjweaver-1.9.22.1.jar;C:\Users\Nutzer\.m2\repository\com\mysql\mysql-connector-j\9.1.0\mysql-connector-j-9.1.0.jar;C:\Users\Nutzer\.m2\repository\org\springframework\boot\spring-boot-starter-web\3.4.0\spring-boot-starter-web-3.4.0.jar;C:\Users\Nutzer\.m2\repository\org\springframework\boot\spring-boot-starter-json\3.4.0\spring-boot-starter-json-3.4.0.jar;C:\Users\Nutzer\.m2\repository\com\fasterxml\jackson\core\jackson-databind\2.18.1\jackson-databind-2.18.1.jar;C:\Users\Nutzer\.m2\repository\com\fasterxml\jackson\core\jackson-annotations\2.18.1\jackson-annotations-2.18.1.jar;C:\Users\Nutzer\.m2\repository\com\fasterxml\jackson\datatype\jackson-datatype-jdk8\2.18.1\jackson-datatype-jdk8-2.18.1.jar;C:\Users\Nutzer\.m2\repository\com\fasterxml\jackson\datatype\jackson-datatype-jsr310\2.18.1\jackson-datatype-jsr310-2.18.1.jar;C:\Users\Nutzer\.m2\repository\com\fasterxml\jackson\module\jackson-module-parameter-names\2.18.1\jackson-module-parameter-names-2.18.1.jar;C:\Users\Nutzer\.m2\repository\org\springframework\boot\spring-boot-starter-tomcat\3.4.0\spring-boot-starter-tomcat-3.4.0.jar;C:\Users\Nutzer\.m2\repository\org\apache\tomcat\embed\tomcat-embed-core\10.1.33\tomcat-embed-core-10.1.33.jar;C:\Users\Nutzer\.m2\repository\org\apache\tomcat\embed\tomcat-embed-el\10.1.33\tomcat-embed-el-10.1.33.jar;C:\Users\Nutzer\.m2\repository\org\apache\tomcat\embed\tomcat-embed-websocket\10.1.33\tomcat-embed-websocket-10.1.33.jar;C:\Users\Nutzer\.m2\repository\org\springframework\spring-web\6.2.0\spring-web-6.2.0.jar;C:\Users\Nutzer\.m2\repository\io\micrometer\micrometer-observation\1.14.1\micrometer-observation-1.14.1.jar;C:\Users\Nutzer\.m2\repository\io\micrometer\micrometer-commons\1.14.1\micrometer-commons-1.14.1.jar;C:\Users\Nutzer\.m2\repository\org\springframework\spring-webmvc\6.2.0\spring-webmvc-6.2.0.jar;C:\Users\Nutzer\.m2\repository\org\springframework\spring-expression\6.2.0\spring-expression-6.2.0.jar;C:\Users\Nutzer\.m2\repository\com\google\firebase\firebase-admin\9.4.1\firebase-admin-9.4.1.jar;C:\Users\Nutzer\.m2\repository\com\google\api-client\google-api-client\2.7.0\google-api-client-2.7.0.jar;C:\Users\Nutzer\.m2\repository\commons-codec\commons-codec\1.17.1\commons-codec-1.17.1.jar;C:\Users\Nutzer\.m2\repository\com\google\oauth-client\google-oauth-client\1.36.0\google-oauth-client-1.36.0.jar;C:\Users\Nutzer\.m2\repository\com\google\auth\google-auth-library-credentials\1.23.0\google-auth-library-credentials-1.23.0.jar;C:\Users\Nutzer\.m2\repository\com\google\http-client\google-http-client-gson\1.45.0\google-http-client-gson-1.45.0.jar;C:\Users\Nutzer\.m2\repository\com\google\http-client\google-http-client-apache-v2\1.45.0\google-http-client-apache-v2-1.45.0.jar;C:\Users\Nutzer\.m2\repository\org\apache\httpcomponents\httpcore\4.4.16\httpcore-4.4.16.jar;C:\Users\Nutzer\.m2\repository\org\apache\httpcomponents\httpclient\4.5.14\httpclient-4.5.14.jar;C:\Users\Nutzer\.m2\repository\com\google\api-client\google-api-client-gson\2.7.0\google-api-client-gson-2.7.0.jar;C:\Users\Nutzer\.m2\repository\com\google\http-client\google-http-client\1.45.0\google-http-client-1.45.0.jar;C:\Users\Nutzer\.m2\repository\com\google\code\findbugs\jsr305\3.0.2\jsr305-3.0.2.jar;C:\Users\Nutzer\.m2\repository\com\google\errorprone\error_prone_annotations\2.30.0\error_prone_annotations-2.30.0.jar;C:\Users\Nutzer\.m2\repository\com\google\j2objc\j2objc-annotations\3.0.0\j2objc-annotations-3.0.0.jar;C:\Users\Nutzer\.m2\repository\io\grpc\grpc-context\1.66.0\grpc-context-1.66.0.jar;C:\Users\Nutzer\.m2\repository\io\opencensus\opencensus-api\0.31.1\opencensus-api-0.31.1.jar;C:\Users\Nutzer\.m2\repository\io\opencensus\opencensus-contrib-http-util\0.31.1\opencensus-contrib-http-util-0.31.1.jar;C:\Users\Nutzer\.m2\repository\com\google\api\api-common\2.37.1\api-common-2.37.1.jar;C:\Users\Nutzer\.m2\repository\com\google\auto\value\auto-value-annotations\1.11.0\auto-value-annotations-1.11.0.jar;C:\Users\Nutzer\.m2\repository\javax\annotation\javax.annotation-api\1.3.2\javax.annotation-api-1.3.2.jar;C:\Users\Nutzer\.m2\repository\com\google\auth\google-auth-library-oauth2-http\1.27.0\google-auth-library-oauth2-http-1.27.0.jar;C:\Users\Nutzer\.m2\repository\com\google\cloud\google-cloud-storage\2.43.1\google-cloud-storage-2.43.1.jar;C:\Users\Nutzer\.m2\repository\com\google\guava\failureaccess\1.0.2\failureaccess-1.0.2.jar;C:\Users\Nutzer\.m2\repository\com\google\guava\listenablefuture\9999.0-empty-to-avoid-conflict-with-guava\listenablefuture-9999.0-empty-to-avoid-conflict-with-guava.jar;C:\Users\Nutzer\.m2\repository\com\google\http-client\google-http-client-jackson2\1.45.0\google-http-client-jackson2-1.45.0.jar;C:\Users\Nutzer\.m2\repository\com\google\apis\google-api-services-storage\v1-rev20240819-2.0.0\google-api-services-storage-v1-rev20240819-2.0.0.jar;C:\Users\Nutzer\.m2\repository\com\google\code\gson\gson\2.11.0\gson-2.11.0.jar;C:\Users\Nutzer\.m2\repository\com\google\cloud\google-cloud-core\2.44.1\google-cloud-core-2.44.1.jar;C:\Users\Nutzer\.m2\repository\com\google\cloud\google-cloud-core-http\2.44.1\google-cloud-core-http-2.44.1.jar;C:\Users\Nutzer\.m2\repository\com\google\http-client\google-http-client-appengine\1.45.0\google-http-client-appengine-1.45.0.jar;C:\Users\Nutzer\.m2\repository\com\google\api\gax-httpjson\2.54.1\gax-httpjson-2.54.1.jar;C:\Users\Nutzer\.m2\repository\com\google\cloud\google-cloud-core-grpc\2.44.1\google-cloud-core-grpc-2.44.1.jar;C:\Users\Nutzer\.m2\repository\com\google\api\gax\2.54.1\gax-2.54.1.jar;C:\Users\Nutzer\.m2\repository\com\google\api\gax-grpc\2.54.1\gax-grpc-2.54.1.jar;C:\Users\Nutzer\.m2\repository\io\grpc\grpc-inprocess\1.68.0\grpc-inprocess-1.68.0.jar;C:\Users\Nutzer\.m2\repository\io\grpc\grpc-alts\1.68.0\grpc-alts-1.68.0.jar;C:\Users\Nutzer\.m2\repository\io\grpc\grpc-grpclb\1.68.0\grpc-grpclb-1.68.0.jar;C:\Users\Nutzer\.m2\repository\org\conscrypt\conscrypt-openjdk-uber\2.5.2\conscrypt-openjdk-uber-2.5.2.jar;C:\Users\Nutzer\.m2\repository\io\grpc\grpc-auth\1.68.0\grpc-auth-1.68.0.jar;C:\Users\Nutzer\.m2\repository\com\google\api\grpc\proto-google-iam-v1\1.40.1\proto-google-iam-v1-1.40.1.jar;C:\Users\Nutzer\.m2\repository\com\google\protobuf\protobuf-java\3.25.5\protobuf-java-3.25.5.jar;C:\Users\Nutzer\.m2\repository\com\google\protobuf\protobuf-java-util\3.25.5\protobuf-java-util-3.25.5.jar;C:\Users\Nutzer\.m2\repository\io\grpc\grpc-core\1.68.0\grpc-core-1.68.0.jar;C:\Users\Nutzer\.m2\repository\com\google\android\annotations\4.1.1.4\annotations-4.1.1.4.jar;C:\Users\Nutzer\.m2\repository\org\codehaus\mojo\animal-sniffer-annotations\1.24\animal-sniffer-annotations-1.24.jar;C:\Users\Nutzer\.m2\repository\io\perfmark\perfmark-api\0.27.0\perfmark-api-0.27.0.jar;C:\Users\Nutzer\.m2\repository\io\grpc\grpc-protobuf\1.68.0\grpc-protobuf-1.68.0.jar;C:\Users\Nutzer\.m2\repository\io\grpc\grpc-protobuf-lite\1.68.0\grpc-protobuf-lite-1.68.0.jar;C:\Users\Nutzer\.m2\repository\com\google\api\grpc\proto-google-common-protos\2.45.1\proto-google-common-protos-2.45.1.jar;C:\Users\Nutzer\.m2\repository\org\threeten\threetenbp\1.7.0\threetenbp-1.7.0.jar;C:\Users\Nutzer\.m2\repository\com\google\api\grpc\proto-google-cloud-storage-v2\2.43.1-beta\proto-google-cloud-storage-v2-2.43.1-beta.jar;C:\Users\Nutzer\.m2\repository\com\google\api\grpc\grpc-google-cloud-storage-v2\2.43.1-beta\grpc-google-cloud-storage-v2-2.43.1-beta.jar;C:\Users\Nutzer\.m2\repository\com\google\api\grpc\gapic-google-cloud-storage-v2\2.43.1-beta\gapic-google-cloud-storage-v2-2.43.1-beta.jar;C:\Users\Nutzer\.m2\repository\io\opentelemetry\opentelemetry-sdk\1.43.0\opentelemetry-sdk-1.43.0.jar;C:\Users\Nutzer\.m2\repository\io\opentelemetry\opentelemetry-sdk-trace\1.43.0\opentelemetry-sdk-trace-1.43.0.jar;C:\Users\Nutzer\.m2\repository\io\opentelemetry\opentelemetry-sdk-logs\1.43.0\opentelemetry-sdk-logs-1.43.0.jar;C:\Users\Nutzer\.m2\repository\io\grpc\grpc-opentelemetry\1.68.0\grpc-opentelemetry-1.68.0.jar;C:\Users\Nutzer\.m2\repository\io\opentelemetry\opentelemetry-api\1.43.0\opentelemetry-api-1.43.0.jar;C:\Users\Nutzer\.m2\repository\io\opentelemetry\opentelemetry-context\1.43.0\opentelemetry-context-1.43.0.jar;C:\Users\Nutzer\.m2\repository\io\opentelemetry\opentelemetry-sdk-metrics\1.43.0\opentelemetry-sdk-metrics-1.43.0.jar;C:\Users\Nutzer\.m2\repository\io\opentelemetry\opentelemetry-api-incubator\1.42.1-alpha\opentelemetry-api-incubator-1.42.1-alpha.jar;C:\Users\Nutzer\.m2\repository\io\opentelemetry\opentelemetry-sdk-common\1.43.0\opentelemetry-sdk-common-1.43.0.jar;C:\Users\Nutzer\.m2\repository\io\opentelemetry\opentelemetry-sdk-extension-autoconfigure-spi\1.43.0\opentelemetry-sdk-extension-autoconfigure-spi-1.43.0.jar;C:\Users\Nutzer\.m2\repository\io\opentelemetry\semconv\opentelemetry-semconv\1.25.0-alpha\opentelemetry-semconv-1.25.0-alpha.jar;C:\Users\Nutzer\.m2\repository\com\google\cloud\opentelemetry\exporter-metrics\0.31.0\exporter-metrics-0.31.0.jar;C:\Users\Nutzer\.m2\repository\com\google\cloud\google-cloud-monitoring\3.31.0\google-cloud-monitoring-3.31.0.jar;C:\Users\Nutzer\.m2\repository\com\google\api\grpc\proto-google-cloud-monitoring-v3\3.31.0\proto-google-cloud-monitoring-v3-3.31.0.jar;C:\Users\Nutzer\.m2\repository\io\opencensus\opencensus-proto\0.2.0\opencensus-proto-0.2.0.jar;C:\Users\Nutzer\.m2\repository\commons-logging\commons-logging\1.2\commons-logging-1.2.jar;C:\Users\Nutzer\.m2\repository\com\google\cloud\opentelemetry\shared-resourcemapping\0.32.0\shared-resourcemapping-0.32.0.jar;C:\Users\Nutzer\.m2\repository\io\opentelemetry\contrib\opentelemetry-gcp-resources\1.37.0-alpha\opentelemetry-gcp-resources-1.37.0-alpha.jar;C:\Users\Nutzer\.m2\repository\com\google\cloud\opentelemetry\detector-resources-support\0.32.0\detector-resources-support-0.32.0.jar;C:\Users\Nutzer\.m2\repository\org\checkerframework\checker-qual\3.47.0\checker-qual-3.47.0.jar;C:\Users\Nutzer\.m2\repository\com\fasterxml\jackson\core\jackson-core\2.18.1\jackson-core-2.18.1.jar;C:\Users\Nutzer\.m2\repository\io\grpc\grpc-api\1.68.0\grpc-api-1.68.0.jar;C:\Users\Nutzer\.m2\repository\io\grpc\grpc-netty-shaded\1.68.0\grpc-netty-shaded-1.68.0.jar;C:\Users\Nutzer\.m2\repository\io\grpc\grpc-util\1.68.0\grpc-util-1.68.0.jar;C:\Users\Nutzer\.m2\repository\io\grpc\grpc-stub\1.68.0\grpc-stub-1.68.0.jar;C:\Users\Nutzer\.m2\repository\io\grpc\grpc-googleapis\1.68.0\grpc-googleapis-1.68.0.jar;C:\Users\Nutzer\.m2\repository\io\grpc\grpc-xds\1.68.0\grpc-xds-1.68.0.jar;C:\Users\Nutzer\.m2\repository\io\grpc\grpc-services\1.68.0\grpc-services-1.68.0.jar;C:\Users\Nutzer\.m2\repository\com\google\re2j\re2j\1.7\re2j-1.7.jar;C:\Users\Nutzer\.m2\repository\io\grpc\grpc-rls\1.68.0\grpc-rls-1.68.0.jar;C:\Users\Nutzer\.m2\repository\com\google\cloud\google-cloud-firestore\3.26.5\google-cloud-firestore-3.26.5.jar;C:\Users\Nutzer\.m2\repository\com\google\api\grpc\proto-google-cloud-firestore-v1\3.26.5\proto-google-cloud-firestore-v1-3.26.5.jar;C:\Users\Nutzer\.m2\repository\com\google\cloud\proto-google-cloud-firestore-bundle-v1\3.26.5\proto-google-cloud-firestore-bundle-v1-3.26.5.jar;C:\Users\Nutzer\.m2\repository\io\opentelemetry\instrumentation\opentelemetry-grpc-1.6\2.1.0-alpha\opentelemetry-grpc-1.6-2.1.0-alpha.jar;C:\Users\Nutzer\.m2\repository\io\opentelemetry\instrumentation\opentelemetry-instrumentation-api\2.1.0\opentelemetry-instrumentation-api-2.1.0.jar;C:\Users\Nutzer\.m2\repository\io\opentelemetry\opentelemetry-extension-incubator\1.35.0-alpha\opentelemetry-extension-incubator-1.35.0-alpha.jar;C:\Users\Nutzer\.m2\repository\io\opentelemetry\instrumentation\opentelemetry-instrumentation-api-incubator\2.1.0-alpha\opentelemetry-instrumentation-api-incubator-2.1.0-alpha.jar;C:\Users\Nutzer\.m2\repository\com\google\guava\guava\33.3.1-jre\guava-33.3.1-jre.jar;C:\Users\Nutzer\.m2\repository\org\slf4j\slf4j-api\2.0.16\slf4j-api-2.0.16.jar;C:\Users\Nutzer\.m2\repository\io\netty\netty-codec-http\4.1.115.Final\netty-codec-http-4.1.115.Final.jar;C:\Users\Nutzer\.m2\repository\io\netty\netty-common\4.1.115.Final\netty-common-4.1.115.Final.jar;C:\Users\Nutzer\.m2\repository\io\netty\netty-buffer\4.1.115.Final\netty-buffer-4.1.115.Final.jar;C:\Users\Nutzer\.m2\repository\io\netty\netty-codec\4.1.115.Final\netty-codec-4.1.115.Final.jar;C:\Users\Nutzer\.m2\repository\io\netty\netty-handler\4.1.115.Final\netty-handler-4.1.115.Final.jar;C:\Users\Nutzer\.m2\repository\io\netty\netty-resolver\4.1.115.Final\netty-resolver-4.1.115.Final.jar;C:\Users\Nutzer\.m2\repository\io\netty\netty-transport-native-unix-common\4.1.115.Final\netty-transport-native-unix-common-4.1.115.Final.jar;C:\Users\Nutzer\.m2\repository\io\netty\netty-transport\4.1.115.Final\netty-transport-4.1.115.Final.jar;C:\Users\Nutzer\.m2\repository\org\apache\httpcomponents\client5\httpclient5\5.4.1\httpclient5-5.4.1.jar;C:\Users\Nutzer\.m2\repository\org\apache\httpcomponents\core5\httpcore5\5.3.1\httpcore5-5.3.1.jar;C:\Users\Nutzer\.m2\repository\org\apache\httpcomponents\core5\httpcore5-h2\5.3.1\httpcore5-h2-5.3.1.jar;C:\Users\Nutzer\.m2\repository\org\springframework\boot\spring-boot-starter-test\3.4.0\spring-boot-starter-test-3.4.0.jar;C:\Users\Nutzer\.m2\repository\org\springframework\boot\spring-boot-test\3.4.0\spring-boot-test-3.4.0.jar;C:\Users\Nutzer\.m2\repository\org\springframework\boot\spring-boot-test-autoconfigure\3.4.0\spring-boot-test-autoconfigure-3.4.0.jar;C:\Users\Nutzer\.m2\repository\com\jayway\jsonpath\json-path\2.9.0\json-path-2.9.0.jar;C:\Users\Nutzer\.m2\repository\jakarta\xml\bind\jakarta.xml.bind-api\4.0.2\jakarta.xml.bind-api-4.0.2.jar;C:\Users\Nutzer\.m2\repository\jakarta\activation\jakarta.activation-api\2.1.3\jakarta.activation-api-2.1.3.jar;C:\Users\Nutzer\.m2\repository\net\minidev\json-smart\2.5.1\json-smart-2.5.1.jar;C:\Users\Nutzer\.m2\repository\net\minidev\accessors-smart\2.5.1\accessors-smart-2.5.1.jar;C:\Users\Nutzer\.m2\repository\org\ow2\asm\asm\9.6\asm-9.6.jar;C:\Users\Nutzer\.m2\repository\org\assertj\assertj-core\3.26.3\assertj-core-3.26.3.jar;C:\Users\Nutzer\.m2\repository\org\awaitility\awaitility\4.2.2\awaitility-4.2.2.jar;C:\Users\Nutzer\.m2\repository\org\hamcrest\hamcrest\2.2\hamcrest-2.2.jar;C:\Users\Nutzer\.m2\repository\org\junit\jupiter\junit-jupiter\5.11.3\junit-jupiter-5.11.3.jar;C:\Users\Nutzer\.m2\repository\org\junit\jupiter\junit-jupiter-api\5.11.3\junit-jupiter-api-5.11.3.jar;C:\Users\Nutzer\.m2\repository\org\opentest4j\opentest4j\1.3.0\opentest4j-1.3.0.jar;C:\Users\Nutzer\.m2\repository\org\junit\platform\junit-platform-commons\1.11.3\junit-platform-commons-1.11.3.jar;C:\Users\Nutzer\.m2\repository\org\apiguardian\apiguardian-api\1.1.2\apiguardian-api-1.1.2.jar;C:\Users\Nutzer\.m2\repository\org\junit\jupiter\junit-jupiter-params\5.11.3\junit-jupiter-params-5.11.3.jar;C:\Users\Nutzer\.m2\repository\org\junit\jupiter\junit-jupiter-engine\5.11.3\junit-jupiter-engine-5.11.3.jar;C:\Users\Nutzer\.m2\repository\org\junit\platform\junit-platform-engine\1.11.3\junit-platform-engine-1.11.3.jar;C:\Users\Nutzer\.m2\repository\org\mockito\mockito-core\5.14.2\mockito-core-5.14.2.jar;C:\Users\Nutzer\.m2\repository\net\bytebuddy\byte-buddy-agent\1.15.10\byte-buddy-agent-1.15.10.jar;C:\Users\Nutzer\.m2\repository\org\objenesis\objenesis\3.3\objenesis-3.3.jar;C:\Users\Nutzer\.m2\repository\org\mockito\mockito-junit-jupiter\5.14.2\mockito-junit-jupiter-5.14.2.jar;C:\Users\Nutzer\.m2\repository\org\skyscreamer\jsonassert\1.5.3\jsonassert-1.5.3.jar;C:\Users\Nutzer\.m2\repository\com\vaadin\external\google\android-json\0.0.20131108.vaadin1\android-json-0.0.20131108.vaadin1.jar;C:\Users\Nutzer\.m2\repository\org\springframework\spring-core\6.2.0\spring-core-6.2.0.jar;C:\Users\Nutzer\.m2\repository\org\springframework\spring-jcl\6.2.0\spring-jcl-6.2.0.jar;C:\Users\Nutzer\.m2\repository\org\springframework\spring-test\6.2.0\spring-test-6.2.0.jar;C:\Users\Nutzer\.m2\repository\org\xmlunit\xmlunit-core\2.10.0\xmlunit-core-2.10.0.jar;"/>
    <property name="sun.cpu.endian" value="little"/>
    <property name="user.home" value="C:\Users\Nutzer"/>
    <property name="user.language" value="de"/>
    <property name="java.specification.vendor" value="Oracle Corporation"/>
    <property name="java.version.date" value="2024-01-16"/>
    <property name="java.home" value="C:\Program Files\Java\jdk-21"/>
    <property name="file.separator" value="\"/>
    <property name="basedir" value="C:\Users\Nutzer\Documents\GitHub\JavaSpringbootApplication"/>
    <property name="java.vm.compressedOopsMode" value="Zero based"/>
    <property name="line.separator" value="&#10;"/>
    <property name="java.vm.specification.vendor" value="Oracle Corporation"/>
    <property name="java.specification.name" value="Java Platform API Specification"/>
    <property name="FILE_LOG_CHARSET" value="UTF-8"/>
    <property name="java.awt.headless" value="true"/>
    <property name="surefire.real.class.path" value="C:\Users\Nutzer\AppData\Local\Temp\surefire11364765365121714766\surefirebooter-20241201172528390_3.jar"/>
    <property name="user.script" value=""/>
    <property name="sun.management.compiler" value="HotSpot 64-Bit Tiered Compilers"/>
    <property name="java.runtime.version" value="21.0.2+13-LTS-58"/>
    <property name="user.name" value="Nutzer"/>
    <property name="stdout.encoding" value="Cp1252"/>
    <property name="path.separator" value=";"/>
    <property name="os.version" value="10.0"/>
    <property name="java.runtime.name" value="Java(TM) SE Runtime Environment"/>
    <property name="file.encoding" value="UTF-8"/>
    <property name="java.vm.name" value="Java HotSpot(TM) 64-Bit Server VM"/>
    <property name="localRepository" value="C:\Users\Nutzer\.m2\repository"/>
    <property name="java.vendor.url.bug" value="https://bugreport.java.com/bugreport/"/>
    <property name="java.io.tmpdir" value="C:\Users\Nutzer\AppData\Local\Temp\"/>
    <property name="idea.version" value="2024.2.0.2"/>
    <property name="com.zaxxer.hikari.pool_number" value="1"/>
    <property name="java.version" value="21.0.2"/>
    <property name="user.dir" value="C:\Users\Nutzer\Documents\GitHub\JavaSpringbootApplication"/>
    <property name="os.arch" value="amd64"/>
    <property name="java.vm.specification.name" value="Java Virtual Machine Specification"/>
    <property name="PID" value="26720"/>
    <property name="sun.os.patch.level" value=""/>
    <property name="CONSOLE_LOG_CHARSET" value="UTF-8"/>
    <property name="native.encoding" value="Cp1252"/>
    <property name="java.library.path" value="C:\Program Files\Java\jdk-21\bin;C:\Windows\Sun\Java\bin;C:\Windows\system32;C:\Windows;C:\Program Files\Oculus\Support\oculus-runtime;C:\Program Files\Common Files\Oracle\Java\javapath;C:\Windows\system32;C:\Windows;C:\Windows\System32\Wbem;C:\Windows\System32\WindowsPowerShell\v1.0\;C:\Windows\System32\OpenSSH\;C:\Program Files\NVIDIA Corporation\NVIDIA NvDLISR;C:\Program Files (x86)\NVIDIA Corporation\PhysX\Common;C:\ProgramData\chocolatey\bin;C:\Program Files\dotnet\;C:\Program Files\Git\cmd;C:\Program Files\PuTTY\;C:\Users\Nutzer\Documents\maven\apache-maven-3.9.6\bin;C:\Program Files\Docker\Docker\resources\bin;C:\Program Files\nodejs\;C:\Users\Nutzer\AppData\Local\Programs\Python\Python310\Scripts\;C:\Users\Nutzer\AppData\Local\Programs\Python\Python310\;C:\Users\Nutzer\AppData\Local\Microsoft\WindowsApps;C:\Users\Nutzer\AppData\Local\Programs\Microsoft VS Code\bin;C:\Users\Nutzer\AppData\Local\GitHubDesktop\bin;C:\Program Files\JetBrains\IntelliJ IDEA Community Edition 2024.2.0.2\bin;;C:\Program Files\JetBrains\CLion 2024.1.1\bin;;C:\Users\Nutzer\AppData\Roaming\npm;."/>
    <property name="java.vm.info" value="mixed mode, sharing"/>
    <property name="stderr.encoding" value="Cp1252"/>
    <property name="java.vendor" value="Oracle Corporation"/>
    <property name="java.vm.version" value="21.0.2+13-LTS-58"/>
    <property name="sun.io.unicode.encoding" value="UnicodeLittle"/>
    <property name="java.class.version" value="65.0"/>
    <property name="LOGGED_APPLICATION_NAME" value="[exampleProjectJavaSpringboot] "/>
  </properties>
  <testcase name="contextLoads" classname="com.example.exampleProjectJavaSpringboot.ExampleProjectJavaSpringbootApplicationTests" time="0.336">
    <system-out><![CDATA[Standard Commons Logging discovery in action with spring-jcl: please remove commons-logging.jar from classpath in order to avoid potential conflicts
17:25:29.021 [main] INFO org.springframework.test.context.support.AnnotationConfigContextLoaderUtils -- Could not detect default configuration classes for test class [com.example.exampleProjectJavaSpringboot.ExampleProjectJavaSpringbootApplicationTests]: ExampleProjectJavaSpringbootApplicationTests does not declare any static, non-private, non-final, nested classes annotated with @Configuration.
17:25:29.108 [main] INFO org.springframework.boot.test.context.SpringBootTestContextBootstrapper -- Found @SpringBootConfiguration com.example.exampleProjectJavaSpringboot.ExampleProjectJavaSpringbootApplication for test class com.example.exampleProjectJavaSpringboot.ExampleProjectJavaSpringbootApplicationTests

  .   ____          _            __ _ _
 /\\ / ___'_ __ _ _(_)_ __  __ _ \ \ \ \
( ( )\___ | '_ | '_| | '_ \/ _` | \ \ \ \
 \\/  ___)| |_)| | | | | || (_| |  ) ) ) )
  '  |____| .__|_| |_|_| |_\__, | / / / /
 =========|_|==============|___/=/_/_/_/

 :: Spring Boot ::                (v3.4.0)

2024-12-01T17:25:29.438+01:00  INFO 26720 --- [exampleProjectJavaSpringboot] [           main] pleProjectJavaSpringbootApplicationTests : Starting ExampleProjectJavaSpringbootApplicationTests using Java 21.0.2 with PID 26720 (started by Nutzer in C:\Users\Nutzer\Documents\GitHub\JavaSpringbootApplication)
2024-12-01T17:25:29.439+01:00  INFO 26720 --- [exampleProjectJavaSpringboot] [           main] pleProjectJavaSpringbootApplicationTests : No active profile set, falling back to 1 default profile: "default"
2024-12-01T17:25:29.938+01:00  INFO 26720 --- [exampleProjectJavaSpringboot] [           main] .s.d.r.c.RepositoryConfigurationDelegate : Bootstrapping Spring Data JPA repositories in DEFAULT mode.
2024-12-01T17:25:29.983+01:00  INFO 26720 --- [exampleProjectJavaSpringboot] [           main] .s.d.r.c.RepositoryConfigurationDelegate : Finished Spring Data repository scanning in 36 ms. Found 2 JPA repository interfaces.
2024-12-01T17:25:30.383+01:00  INFO 26720 --- [exampleProjectJavaSpringboot] [           main] o.hibernate.jpa.internal.util.LogHelper  : HHH000204: Processing PersistenceUnitInfo [name: default]
2024-12-01T17:25:30.437+01:00  INFO 26720 --- [exampleProjectJavaSpringboot] [           main] org.hibernate.Version                    : HHH000412: Hibernate ORM core version 6.6.2.Final
2024-12-01T17:25:30.465+01:00  INFO 26720 --- [exampleProjectJavaSpringboot] [           main] o.h.c.internal.RegionFactoryInitiator    : HHH000026: Second-level cache disabled
2024-12-01T17:25:30.733+01:00  INFO 26720 --- [exampleProjectJavaSpringboot] [           main] o.s.o.j.p.SpringPersistenceUnitInfo      : No LoadTimeWeaver setup: ignoring JPA class transformer
2024-12-01T17:25:30.761+01:00  INFO 26720 --- [exampleProjectJavaSpringboot] [           main] com.zaxxer.hikari.HikariDataSource       : HikariPool-1 - Starting...
2024-12-01T17:25:31.088+01:00  INFO 26720 --- [exampleProjectJavaSpringboot] [           main] com.zaxxer.hikari.pool.HikariPool        : HikariPool-1 - Added connection com.mysql.cj.jdbc.ConnectionImpl@c82d925
2024-12-01T17:25:31.090+01:00  INFO 26720 --- [exampleProjectJavaSpringboot] [           main] com.zaxxer.hikari.HikariDataSource       : HikariPool-1 - Start completed.
2024-12-01T17:25:31.131+01:00  WARN 26720 --- [exampleProjectJavaSpringboot] [           main] org.hibernate.dialect.Dialect            : HHH000511: The 5.7.44 version for [org.hibernate.dialect.MySQLDialect] is no longer supported, hence certain features may not work properly. The minimum supported version is 8.0.0. Check the community dialects project for available legacy versions.
2024-12-01T17:25:31.146+01:00  INFO 26720 --- [exampleProjectJavaSpringboot] [           main] org.hibernate.orm.connections.pooling    : HHH10001005: Database info:
	Database JDBC URL [Connecting through datasource 'HikariDataSource (HikariPool-1)']
	Database driver: undefined/unknown
	Database version: 5.7.44
	Autocommit mode: undefined/unknown
	Isolation level: undefined/unknown
	Minimum pool size: undefined/unknown
	Maximum pool size: undefined/unknown
2024-12-01T17:25:31.776+01:00  INFO 26720 --- [exampleProjectJavaSpringboot] [           main] o.h.e.t.j.p.i.JtaPlatformInitiator       : HHH000489: No JTA platform available (set 'hibernate.transaction.jta.platform' to enable JTA platform integration)
Hibernate: alter table environmental_metrics modify column created_at datetime(6)
2024-12-01T17:25:31.861+01:00  INFO 26720 --- [exampleProjectJavaSpringboot] [           main] j.LocalContainerEntityManagerFactoryBean : Initialized JPA EntityManagerFactory for persistence unit 'default'
2024-12-01T17:25:32.194+01:00  WARN 26720 --- [exampleProjectJavaSpringboot] [           main] JpaBaseConfiguration$JpaWebConfiguration : spring.jpa.open-in-view is enabled by default. Therefore, database queries may be performed during view rendering. Explicitly configure spring.jpa.open-in-view to disable this warning
2024-12-01T17:25:32.626+01:00  INFO 26720 --- [exampleProjectJavaSpringboot] [           main] pleProjectJavaSpringbootApplicationTests : Started ExampleProjectJavaSpringbootApplicationTests in 3.396 seconds (process running for 4.159)
]]></system-out>
    <system-err><![CDATA[Mockito is currently self-attaching to enable the inline-mock-maker. This will no longer work in future releases of the JDK. Please add Mockito as an agent to your build what is described in Mockito's documentation: https://javadoc.io/doc/org.mockito/mockito-core/latest/org/mockito/Mockito.html#0.3
WARNING: A Java agent has been loaded dynamically (C:\Users\Nutzer\.m2\repository\net\bytebuddy\byte-buddy-agent\1.15.10\byte-buddy-agent-1.15.10.jar)
WARNING: If a serviceability tool is in use, please run with -XX:+EnableDynamicAgentLoading to hide this warning
WARNING: If a serviceability tool is not in use, please run with -Djdk.instrument.traceUsage for more information
WARNING: Dynamic loading of agents will be disallowed by default in a future release
]]></system-err>
  </testcase>
</testsuite>